#
# There is insufficient memory for the Java Runtime Environment to continue.
# Native memory allocation (mmap) failed to map 13631488 bytes for G1 virtual space
# Possible reasons:
#   The system is out of physical RAM or swap space
#   The process is running with CompressedOops enabled, and the Java Heap may be blocking the growth of the native heap
# Possible solutions:
#   Reduce memory load on the system
#   Increase physical memory or swap space
#   Check if swap backing store is full
#   Decrease Java heap size (-Xmx/-Xms)
#   Decrease number of Java threads
#   Decrease Java thread stack sizes (-Xss)
#   Set larger code cache with -XX:ReservedCodeCacheSize=
#   JVM is running with Unscaled Compressed Oops mode in which the Java heap is
#     placed in the first 4GB address space. The Java Heap base address is the
#     maximum limit for the native heap growth. Please use -XX:HeapBaseMinAddress
#     to set the Java Heap base and to place the Java Heap above 4GB virtual address.
# This output file may be truncated or incomplete.
#
#  Out of Memory Error (os_windows.cpp:3528), pid=24128, tid=23388
#
# JRE version: Java(TM) SE Runtime Environment (20.0.2+9) (build 20.0.2+9-78)
# Java VM: Java HotSpot(TM) 64-Bit Server VM (20.0.2+9-78, mixed mode, emulated-client, sharing, tiered, compressed oops, compressed class ptrs, g1 gc, windows-amd64)
# No core dump will be written. Minidumps are not enabled by default on client versions of Windows
#

---------------  S U M M A R Y ------------

Command Line: -XX:TieredStopAtLevel=1 -Dspring.output.ansi.enabled=always -Dcom.sun.management.jmxremote -Dspring.jmx.enabled=true -Dspring.liveBeansView.mbeanDomain -Dspring.application.admin.enabled=true -Dmanagement.endpoints.jmx.exposure.include=* -javaagent:D:\IntelliJ\IntelliJ IDEA 2024.2.1\lib\idea_rt.jar=58694:D:\IntelliJ\IntelliJ IDEA 2024.2.1\bin -Dfile.encoding=UTF-8 -Dsun.stdout.encoding=UTF-8 -Dsun.stderr.encoding=UTF-8 com.water.customer.CustomerApplication

Host: AMD Ryzen 7 5700U with Radeon Graphics         , 16 cores, 7G,  Windows 11 , 64 bit Build 22621 (10.0.22621.5124)
Time: Thu May  8 10:12:28 2025 Sri Lanka Standard Time elapsed time: 17.543553 seconds (0d 0h 0m 17s)

---------------  T H R E A D  ---------------

Current thread (0x000002a14c3634c0):  VMThread "VM Thread" [stack: 0x000000f64f600000,0x000000f64f700000] [id=23388]

Stack: [0x000000f64f600000,0x000000f64f700000]
Native frames: (J=compiled Java code, j=interpreted, Vv=VM code, C=native code)
V  [jvm.dll+0x6bc25a]
V  [jvm.dll+0x84971a]
V  [jvm.dll+0x84b315]
V  [jvm.dll+0x84ba13]
V  [jvm.dll+0x280e4f]
V  [jvm.dll+0x6b8fe9]
V  [jvm.dll+0x6adbca]
V  [jvm.dll+0x35b165]
V  [jvm.dll+0x363386]
V  [jvm.dll+0x3b400e]
V  [jvm.dll+0x3b4295]
V  [jvm.dll+0x32b86a]
V  [jvm.dll+0x32b917]
V  [jvm.dll+0x373cc2]
V  [jvm.dll+0x3724c0]
V  [jvm.dll+0x32afb1]
V  [jvm.dll+0x371ba6]
V  [jvm.dll+0x85135e]
V  [jvm.dll+0x852471]
V  [jvm.dll+0x852979]
V  [jvm.dll+0x852bf3]
V  [jvm.dll+0x7f5c76]
V  [jvm.dll+0x6baecb]
C  [ucrtbase.dll+0x29333]
C  [KERNEL32.DLL+0x1259d]
C  [ntdll.dll+0x5af38]

VM_Operation (0x000000f64f0f8c30): G1CollectForAllocation, mode: safepoint, requested by thread 0x000002a13ba68ee0


---------------  P R O C E S S  ---------------

Threads class SMR info:
_java_thread_list=0x000002a194dcdac0, length=25, elements={
0x000002a13ba68ee0, 0x000002a14c37f200, 0x000002a14c3804b0, 0x000002a14c383000,
0x000002a14c383f60, 0x000002a14c3858b0, 0x000002a14c388670, 0x000002a14c38ea10,
0x000002a191dfef30, 0x000002a191dff9d0, 0x000002a191e02450, 0x000002a191e01460,
0x000002a1924dec20, 0x000002a191e019b0, 0x000002a191e01f00, 0x000002a191e00f10,
0x000002a192eff080, 0x000002a191e00470, 0x000002a193334000, 0x000002a192ffa560,
0x000002a192ffe520, 0x000002a192ffd530, 0x000002a192ffffb0, 0x000002a192ffefc0,
0x000002a192ffea70
}

Java Threads: ( => current thread )
  0x000002a13ba68ee0 JavaThread "main" [_thread_blocked, id=4384, stack(0x000000f64f000000,0x000000f64f100000)]
  0x000002a14c37f200 JavaThread "Reference Handler" daemon [_thread_blocked, id=2708, stack(0x000000f64f700000,0x000000f64f800000)]
  0x000002a14c3804b0 JavaThread "Finalizer" daemon [_thread_blocked, id=3972, stack(0x000000f64f800000,0x000000f64f900000)]
  0x000002a14c383000 JavaThread "Signal Dispatcher" daemon [_thread_blocked, id=25280, stack(0x000000f64f900000,0x000000f64fa00000)]
  0x000002a14c383f60 JavaThread "Attach Listener" daemon [_thread_blocked, id=26312, stack(0x000000f64fa00000,0x000000f64fb00000)]
  0x000002a14c3858b0 JavaThread "Service Thread" daemon [_thread_blocked, id=13752, stack(0x000000f64fb00000,0x000000f64fc00000)]
  0x000002a14c388670 JavaThread "Monitor Deflation Thread" daemon [_thread_blocked, id=15504, stack(0x000000f64fc00000,0x000000f64fd00000)]
  0x000002a14c38ea10 JavaThread "C1 CompilerThread0" daemon [_thread_blocked, id=11496, stack(0x000000f64fd00000,0x000000f64fe00000)]
  0x000002a191dfef30 JavaThread "Common-Cleaner" daemon [_thread_blocked, id=24740, stack(0x000000f64fe00000,0x000000f64ff00000)]
  0x000002a191dff9d0 JavaThread "Monitor Ctrl-Break" daemon [_thread_in_native, id=10252, stack(0x000000f64ff00000,0x000000f650000000)]
  0x000002a191e02450 JavaThread "Notification Thread" daemon [_thread_blocked, id=8680, stack(0x000000f650000000,0x000000f650100000)]
  0x000002a191e01460 JavaThread "RMI TCP Accept-0" daemon [_thread_in_native, id=20984, stack(0x000000f650100000,0x000000f650200000)]
  0x000002a1924dec20 JavaThread "C1 CompilerThread1" daemon [_thread_blocked, id=20500, stack(0x000000f650300000,0x000000f650400000)]
  0x000002a191e019b0 JavaThread "RMI TCP Connection(1)-192.168.40.1" daemon [_thread_blocked, id=25448, stack(0x000000f650400000,0x000000f650500000)]
  0x000002a191e01f00 JavaThread "RMI Scheduler(0)" daemon [_thread_blocked, id=10612, stack(0x000000f650500000,0x000000f650600000)]
  0x000002a191e00f10 JavaThread "JMX server connection timeout 34" daemon [_thread_blocked, id=1648, stack(0x000000f650600000,0x000000f650700000)]
  0x000002a192eff080 JavaThread "C1 CompilerThread2" daemon [_thread_blocked, id=21996, stack(0x000000f651100000,0x000000f651200000)]
  0x000002a191e00470 JavaThread "RMI TCP Connection(2)-192.168.40.1" daemon [_thread_in_native, id=16652, stack(0x000000f651000000,0x000000f651100000)]
  0x000002a193334000 JavaThread "C1 CompilerThread3" daemon [_thread_blocked, id=11792, stack(0x000000f651600000,0x000000f651700000)]
  0x000002a192ffa560 JavaThread "mysql-cj-abandoned-connection-cleanup" daemon [_thread_blocked, id=14296, stack(0x000000f651800000,0x000000f651900000)]
  0x000002a192ffe520 JavaThread "HikariPool-1 housekeeper" daemon [_thread_blocked, id=17800, stack(0x000000f651a00000,0x000000f651b00000)]
  0x000002a192ffd530 JavaThread "HikariPool-1 connection adder" daemon [_thread_blocked, id=11500, stack(0x000000f651c00000,0x000000f651d00000)]
  0x000002a192ffffb0 JavaThread "Catalina-utility-1" [_thread_blocked, id=23020, stack(0x000000f651b00000,0x000000f651c00000)]
  0x000002a192ffefc0 JavaThread "Catalina-utility-2" [_thread_blocked, id=26648, stack(0x000000f651d00000,0x000000f651e00000)]
  0x000002a192ffea70 JavaThread "container-0" [_thread_blocked, id=22192, stack(0x000000f651e00000,0x000000f651f00000)]

Other Threads:
=>0x000002a14c3634c0 VMThread "VM Thread" [stack: 0x000000f64f600000,0x000000f64f700000] [id=23388]
  0x000002a13ba6a110 WatcherThread "VM Periodic Task Thread" [stack: 0x000000f650200000,0x000000f650300000] [id=16068]
  0x000002a13bac51c0 WorkerThread "GC Thread#0" [stack: 0x000000f64f100000,0x000000f64f200000] [id=1128]
  0x000002a192682510 WorkerThread "GC Thread#1" [stack: 0x000000f650700000,0x000000f650800000] [id=23080]
  0x000002a192682ab0 WorkerThread "GC Thread#2" [stack: 0x000000f650800000,0x000000f650900000] [id=22616]
  0x000002a192683320 WorkerThread "GC Thread#3" [stack: 0x000000f650900000,0x000000f650a00000] [id=12072]
  0x000002a192683050 WorkerThread "GC Thread#4" [stack: 0x000000f650a00000,0x000000f650b00000] [id=4844]
  0x000002a192682d80 WorkerThread "GC Thread#5" [stack: 0x000000f650b00000,0x000000f650c00000] [id=17668]
  0x000002a1926835f0 WorkerThread "GC Thread#6" [stack: 0x000000f650c00000,0x000000f650d00000] [id=14552]
  0x000002a192683b90 WorkerThread "GC Thread#7" [stack: 0x000000f650d00000,0x000000f650e00000] [id=2660]
  0x000002a1926ef190 WorkerThread "GC Thread#8" [stack: 0x000000f650e00000,0x000000f650f00000] [id=3228]
  0x000002a1926efcd0 WorkerThread "GC Thread#9" [stack: 0x000000f650f00000,0x000000f651000000] [id=22628]
  0x000002a1926ee920 WorkerThread "GC Thread#10" [stack: 0x000000f651300000,0x000000f651400000] [id=9392]
  0x000002a1926ecd00 WorkerThread "GC Thread#11" [stack: 0x000000f651400000,0x000000f651500000] [id=15576]
  0x000002a1926ee380 WorkerThread "GC Thread#12" [stack: 0x000000f651500000,0x000000f651600000] [id=1652]
  0x000002a13baf19e0 ConcurrentGCThread "G1 Main Marker" [stack: 0x000000f64f200000,0x000000f64f300000] [id=22012]
  0x000002a13baf2bb0 WorkerThread "G1 Conc#0" [stack: 0x000000f64f300000,0x000000f64f400000] [id=25796]
  0x000002a1926ee650 WorkerThread "G1 Conc#1" [stack: 0x000000f651200000,0x000000f651300000] [id=1784]
  0x000002a1926eebf0 WorkerThread "G1 Conc#2" [stack: 0x000000f651700000,0x000000f651800000] [id=7080]
  0x000002a14c21c9a0 ConcurrentGCThread "G1 Refine#0" [stack: 0x000000f64f400000,0x000000f64f500000] [id=25016]
  0x000002a14c21f350 ConcurrentGCThread "G1 Service" [stack: 0x000000f64f500000,0x000000f64f600000] [id=19724]

Threads with active compile tasks:

VM state: at safepoint (normal execution)

VM Mutex/Monitor currently owned by a thread:  ([mutex/lock_event])
[0x000002a13ba674c0] Threads_lock - owner thread: 0x000002a14c3634c0
[0x000002a13ba687e0] Heap_lock - owner thread: 0x000002a13ba68ee0

Heap address: 0x0000000089c00000, size: 1892 MB, Compressed Oops mode: 32-bit

CDS archive(s) mapped at: [0x000002a14cc00000-0x000002a14d860000-0x000002a14d860000), size 12976128, SharedBaseAddress: 0x000002a14cc00000, ArchiveRelocationMode: 1.
Compressed class space mapped at: 0x000002a14dc00000-0x000002a18dc00000, reserved size: 1073741824
Narrow klass base: 0x000002a14cc00000, Narrow klass shift: 0, Narrow klass range: 0x100000000

GC Precious Log:
 CardTable entry size: 512
 Card Set container configuration: InlinePtr #cards 5 size 8 Array Of Cards #cards 12 size 40 Howl #buckets 4 coarsen threshold 1843 Howl Bitmap #cards 512 size 80 coarsen threshold 460 Card regions per heap region 1 cards per card region 2048
 CPUs: 16 total, 16 available
 Memory: 7563M
 Large Page Support: Disabled
 NUMA Support: Disabled
 Compressed Oops: Enabled (32-bit)
 Heap Region Size: 1M
 Heap Min Capacity: 8M
 Heap Initial Capacity: 120M
 Heap Max Capacity: 1892M
 Pre-touch: Disabled
 Parallel Workers: 13
 Concurrent Workers: 3
 Concurrent Refinement Workers: 13
 Periodic GC: Disabled

Heap:
 garbage-first heap   total 65536K, used 34551K [0x0000000089c00000, 0x0000000100000000)
  region size 1024K, 1 young (1024K), 1 survivors (1024K)
 Metaspace       used 61820K, committed 62656K, reserved 1114112K
  class space    used 8832K, committed 9216K, reserved 1048576K

Heap Regions: E=young(eden), S=young(survivor), O=old, HS=humongous(starts), HC=humongous(continues), CS=collection set, F=free, OA=open archive, CA=closed archive, TAMS=top-at-mark-start, PB=parsable bottom
|   0|0x0000000089c00000, 0x0000000089d00000, 0x0000000089d00000|100%|HS|  |TAMS 0x0000000089d00000| PB 0x0000000089c00000| Complete 
|   1|0x0000000089d00000, 0x0000000089e00000, 0x0000000089e00000|100%|HS|  |TAMS 0x0000000089e00000| PB 0x0000000089d00000| Complete 
|   2|0x0000000089e00000, 0x0000000089f00000, 0x0000000089f00000|100%|HS|  |TAMS 0x0000000089f00000| PB 0x0000000089e00000| Complete 
|   3|0x0000000089f00000, 0x000000008a000000, 0x000000008a000000|100%|HC|  |TAMS 0x000000008a000000| PB 0x0000000089f00000| Complete 
|   4|0x000000008a000000, 0x000000008a100000, 0x000000008a100000|100%| O|  |TAMS 0x000000008a100000| PB 0x000000008a000000| Untracked 
|   5|0x000000008a100000, 0x000000008a200000, 0x000000008a200000|100%| O|  |TAMS 0x000000008a200000| PB 0x000000008a100000| Untracked 
|   6|0x000000008a200000, 0x000000008a300000, 0x000000008a300000|100%| O|  |TAMS 0x000000008a300000| PB 0x000000008a200000| Untracked 
|   7|0x000000008a300000, 0x000000008a400000, 0x000000008a400000|100%| O|  |TAMS 0x000000008a400000| PB 0x000000008a300000| Untracked 
|   8|0x000000008a400000, 0x000000008a500000, 0x000000008a500000|100%| O|  |TAMS 0x000000008a500000| PB 0x000000008a400000| Untracked 
|   9|0x000000008a500000, 0x000000008a600000, 0x000000008a600000|100%| O|  |TAMS 0x000000008a600000| PB 0x000000008a500000| Untracked 
|  10|0x000000008a600000, 0x000000008a700000, 0x000000008a700000|100%| O|  |TAMS 0x000000008a700000| PB 0x000000008a600000| Untracked 
|  11|0x000000008a700000, 0x000000008a800000, 0x000000008a800000|100%| O|  |TAMS 0x000000008a800000| PB 0x000000008a700000| Untracked 
|  12|0x000000008a800000, 0x000000008a900000, 0x000000008a900000|100%| O|  |TAMS 0x000000008a900000| PB 0x000000008a800000| Untracked 
|  13|0x000000008a900000, 0x000000008aa00000, 0x000000008aa00000|100%| O|  |TAMS 0x000000008aa00000| PB 0x000000008a900000| Untracked 
|  14|0x000000008aa00000, 0x000000008ab00000, 0x000000008ab00000|100%| O|  |TAMS 0x000000008ab00000| PB 0x000000008aa00000| Untracked 
|  15|0x000000008ab00000, 0x000000008ac00000, 0x000000008ac00000|100%| O|  |TAMS 0x000000008ac00000| PB 0x000000008ab00000| Untracked 
|  16|0x000000008ac00000, 0x000000008ad00000, 0x000000008ad00000|100%| O|  |TAMS 0x000000008ad00000| PB 0x000000008ac00000| Untracked 
|  17|0x000000008ad00000, 0x000000008ae00000, 0x000000008ae00000|100%| O|  |TAMS 0x000000008ae00000| PB 0x000000008ad00000| Untracked 
|  18|0x000000008ae00000, 0x000000008af00000, 0x000000008af00000|100%| O|  |TAMS 0x000000008af00000| PB 0x000000008ae00000| Untracked 
|  19|0x000000008af00000, 0x000000008af2d400, 0x000000008b000000| 17%| O|  |TAMS 0x000000008af00000| PB 0x000000008af00000| Untracked 
|  20|0x000000008b000000, 0x000000008b100000, 0x000000008b100000|100%| O|  |TAMS 0x000000008b100000| PB 0x000000008b000000| Untracked 
|  21|0x000000008b100000, 0x000000008b200000, 0x000000008b200000|100%| O|  |TAMS 0x000000008b200000| PB 0x000000008b100000| Untracked 
|  22|0x000000008b200000, 0x000000008b300000, 0x000000008b300000|100%| O|  |TAMS 0x000000008b300000| PB 0x000000008b200000| Untracked 
|  23|0x000000008b300000, 0x000000008b400000, 0x000000008b400000|100%| O|  |TAMS 0x000000008b400000| PB 0x000000008b300000| Untracked 
|  24|0x000000008b400000, 0x000000008b500000, 0x000000008b500000|100%| O|  |TAMS 0x000000008b500000| PB 0x000000008b400000| Untracked 
|  25|0x000000008b500000, 0x000000008b600000, 0x000000008b600000|100%| O|  |TAMS 0x000000008b600000| PB 0x000000008b500000| Untracked 
|  26|0x000000008b600000, 0x000000008b700000, 0x000000008b700000|100%| O|  |TAMS 0x000000008b700000| PB 0x000000008b600000| Untracked 
|  27|0x000000008b700000, 0x000000008b800000, 0x000000008b800000|100%| O|  |TAMS 0x000000008b800000| PB 0x000000008b700000| Untracked 
|  28|0x000000008b800000, 0x000000008b900000, 0x000000008b900000|100%| O|  |TAMS 0x000000008b900000| PB 0x000000008b800000| Untracked 
|  29|0x000000008b900000, 0x000000008ba00000, 0x000000008ba00000|100%| O|  |TAMS 0x000000008ba00000| PB 0x000000008b900000| Untracked 
|  30|0x000000008ba00000, 0x000000008bb00000, 0x000000008bb00000|100%| O|  |TAMS 0x000000008bb00000| PB 0x000000008ba00000| Untracked 
|  31|0x000000008bb00000, 0x000000008bb00000, 0x000000008bc00000|  0%| F|  |TAMS 0x000000008bb00000| PB 0x000000008bb00000| Untracked 
|  32|0x000000008bc00000, 0x000000008bc00000, 0x000000008bd00000|  0%| F|  |TAMS 0x000000008bc00000| PB 0x000000008bc00000| Untracked 
|  33|0x000000008bd00000, 0x000000008bd00000, 0x000000008be00000|  0%| F|  |TAMS 0x000000008bd00000| PB 0x000000008bd00000| Untracked 
|  34|0x000000008be00000, 0x000000008be00000, 0x000000008bf00000|  0%| F|  |TAMS 0x000000008be00000| PB 0x000000008be00000| Untracked 
|  35|0x000000008bf00000, 0x000000008c000000, 0x000000008c000000|100%| O|  |TAMS 0x000000008c000000| PB 0x000000008bf00000| Untracked 
|  36|0x000000008c000000, 0x000000008c100000, 0x000000008c100000|100%| O|  |TAMS 0x000000008c100000| PB 0x000000008c000000| Untracked 
|  37|0x000000008c100000, 0x000000008c200000, 0x000000008c200000|100%| O|  |TAMS 0x000000008c188200| PB 0x000000008c100000| Untracked 
|  38|0x000000008c200000, 0x000000008c200000, 0x000000008c300000|  0%| F|  |TAMS 0x000000008c200000| PB 0x000000008c200000| Untracked 
|  39|0x000000008c300000, 0x000000008c300000, 0x000000008c400000|  0%| F|  |TAMS 0x000000008c300000| PB 0x000000008c300000| Untracked 
|  40|0x000000008c400000, 0x000000008c400000, 0x000000008c500000|  0%| F|  |TAMS 0x000000008c400000| PB 0x000000008c400000| Untracked 
|  41|0x000000008c500000, 0x000000008c500000, 0x000000008c600000|  0%| F|  |TAMS 0x000000008c500000| PB 0x000000008c500000| Untracked 
|  42|0x000000008c600000, 0x000000008c690ac0, 0x000000008c700000| 56%| S|CS|TAMS 0x000000008c600000| PB 0x000000008c600000| Complete 
|  43|0x000000008c700000, 0x000000008c700000, 0x000000008c800000|  0%| F|  |TAMS 0x000000008c700000| PB 0x000000008c700000| Untracked 
|  44|0x000000008c800000, 0x000000008c800000, 0x000000008c900000|  0%| F|  |TAMS 0x000000008c800000| PB 0x000000008c800000| Untracked 
|  45|0x000000008c900000, 0x000000008c900000, 0x000000008ca00000|  0%| F|  |TAMS 0x000000008c900000| PB 0x000000008c900000| Untracked 
|  46|0x000000008ca00000, 0x000000008ca00000, 0x000000008cb00000|  0%| F|  |TAMS 0x000000008ca00000| PB 0x000000008ca00000| Untracked 
|  47|0x000000008cb00000, 0x000000008cb00000, 0x000000008cc00000|  0%| F|  |TAMS 0x000000008cb00000| PB 0x000000008cb00000| Untracked 
|  48|0x000000008cc00000, 0x000000008cc00000, 0x000000008cd00000|  0%| F|  |TAMS 0x000000008cc00000| PB 0x000000008cc00000| Untracked 
|  49|0x000000008cd00000, 0x000000008cd00000, 0x000000008ce00000|  0%| F|  |TAMS 0x000000008cd00000| PB 0x000000008cd00000| Untracked 
|  50|0x000000008ce00000, 0x000000008ce00000, 0x000000008cf00000|  0%| F|  |TAMS 0x000000008ce00000| PB 0x000000008ce00000| Untracked 
|  51|0x000000008cf00000, 0x000000008cf00000, 0x000000008d000000|  0%| F|  |TAMS 0x000000008cf00000| PB 0x000000008cf00000| Untracked 
|  52|0x000000008d000000, 0x000000008d000000, 0x000000008d100000|  0%| F|  |TAMS 0x000000008d000000| PB 0x000000008d000000| Untracked 
|  53|0x000000008d100000, 0x000000008d100000, 0x000000008d200000|  0%| F|  |TAMS 0x000000008d100000| PB 0x000000008d100000| Untracked 
|  54|0x000000008d200000, 0x000000008d200000, 0x000000008d300000|  0%| F|  |TAMS 0x000000008d200000| PB 0x000000008d200000| Untracked 
|  55|0x000000008d300000, 0x000000008d300000, 0x000000008d400000|  0%| F|  |TAMS 0x000000008d300000| PB 0x000000008d300000| Untracked 
|  56|0x000000008d400000, 0x000000008d400000, 0x000000008d500000|  0%| F|  |TAMS 0x000000008d400000| PB 0x000000008d400000| Untracked 
|  72|0x000000008e400000, 0x000000008e400000, 0x000000008e500000|  0%| F|  |TAMS 0x000000008e400000| PB 0x000000008e400000| Untracked 
|  73|0x000000008e500000, 0x000000008e500000, 0x000000008e600000|  0%| F|  |TAMS 0x000000008e500000| PB 0x000000008e500000| Untracked 
|  74|0x000000008e600000, 0x000000008e600000, 0x000000008e700000|  0%| F|  |TAMS 0x000000008e600000| PB 0x000000008e600000| Untracked 
|  75|0x000000008e700000, 0x000000008e700000, 0x000000008e800000|  0%| F|  |TAMS 0x000000008e700000| PB 0x000000008e700000| Untracked 
|  76|0x000000008e800000, 0x000000008e800000, 0x000000008e900000|  0%| F|  |TAMS 0x000000008e800000| PB 0x000000008e800000| Untracked 
|  77|0x000000008e900000, 0x000000008e900000, 0x000000008ea00000|  0%| F|  |TAMS 0x000000008e900000| PB 0x000000008e900000| Untracked 
| 119|0x0000000091300000, 0x0000000091300000, 0x0000000091400000|  0%| F|  |TAMS 0x0000000091300000| PB 0x0000000091300000| Untracked 

Card table byte_map: [0x000002a147550000,0x000002a147910000] _byte_map_base: 0x000002a147102000

Marking Bits: (CMBitMap*) 0x000002a13bac57f0
 Bits: [0x000002a147cd0000, 0x000002a149a60000)

Polling page: 0x000002a139a30000

Metaspace:

Usage:
  Non-class:     51.75 MB used.
      Class:      8.63 MB used.
       Both:     60.37 MB used.

Virtual space:
  Non-class space:       64.00 MB reserved,      52.19 MB ( 82%) committed,  1 nodes.
      Class space:        1.00 GB reserved,       9.00 MB ( <1%) committed,  1 nodes.
             Both:        1.06 GB reserved,      61.19 MB (  6%) committed. 

Chunk freelists:
   Non-Class:  3.54 MB
       Class:  3.06 MB
        Both:  6.60 MB

MaxMetaspaceSize: unlimited
CompressedClassSpaceSize: 1.00 GB
Initial GC threshold: 21.00 MB
Current GC threshold: 93.75 MB
CDS: on
MetaspaceReclaimPolicy: balanced
 - commit_granule_bytes: 65536.
 - commit_granule_words: 8192.
 - virtual_space_node_default_size: 8388608.
 - enlarge_chunks_in_place: 1.
 - new_chunks_are_fully_committed: 0.
 - uncommit_free_chunks: 1.
 - use_allocation_guard: 0.


Internal statistics:

num_allocs_failed_limit: 6.
num_arena_births: 1026.
num_arena_deaths: 0.
num_vsnodes_births: 2.
num_vsnodes_deaths: 0.
num_space_committed: 979.
num_space_uncommitted: 0.
num_chunks_returned_to_freelist: 6.
num_chunks_taken_from_freelist: 3249.
num_chunk_merges: 6.
num_chunk_splits: 2351.
num_chunks_enlarged: 1815.
num_inconsistent_stats: 0.

CodeCache: size=49152Kb used=13037Kb max_used=13037Kb free=36114Kb
 bounds [0x000002a143b20000, 0x000002a1447e0000, 0x000002a146b20000]
 total_blobs=7213 nmethods=6512 adapters=622
 compilation: enabled
              stopped_count=0, restarted_count=0
 full_count=0

Compilation events (20 events):
Event: 17.522 Thread 0x000002a192eff080 6579       1       org.antlr.v4.runtime.misc.FlexibleHashMap::size (5 bytes)
Event: 17.522 Thread 0x000002a192eff080 nmethod 6579 0x000002a1447d7d90 code [0x000002a1447d7f00, 0x000002a1447d7fc8]
Event: 17.524 Thread 0x000002a1924dec20 6580       1       org.antlr.v4.runtime.misc.FlexibleHashMap::expand (151 bytes)
Event: 17.524 Thread 0x000002a193334000 6581       1       org.antlr.v4.runtime.dfa.DFA::isPrecedenceDfa (5 bytes)
Event: 17.525 Thread 0x000002a192eff080 6582       1       org.antlr.v4.runtime.atn.LexerATNConfig::<init> (29 bytes)
Event: 17.525 Thread 0x000002a193334000 nmethod 6581 0x000002a1447d8090 code [0x000002a1447d8200, 0x000002a1447d82d0]
Event: 17.525 Thread 0x000002a14c38ea10 6583       1       org.antlr.v4.runtime.atn.ATNConfigSet::<init> (6 bytes)
Event: 17.525 Thread 0x000002a14c38ea10 nmethod 6583 0x000002a1447d8390 code [0x000002a1447d8520, 0x000002a1447d8600]
Event: 17.525 Thread 0x000002a192eff080 nmethod 6582 0x000002a1447d8690 code [0x000002a1447d8820, 0x000002a1447d8a70]
Event: 17.525 Thread 0x000002a1924dec20 nmethod 6580 0x000002a1447d8b90 code [0x000002a1447d8da0, 0x000002a1447d92c8]
Event: 17.532 Thread 0x000002a193334000 6584       1       java.util.HashMap::comparableClassFor (115 bytes)
Event: 17.532 Thread 0x000002a1924dec20 6585       1       java.util.HashMap$TreeNode::tieBreakOrder (49 bytes)
Event: 17.533 Thread 0x000002a192eff080 6586       1       java.util.HashMap$TreeNode::balanceInsertion (245 bytes)
Event: 17.533 Thread 0x000002a14c38ea10 6587       1       java.util.HashMap$TreeNode::<init> (10 bytes)
Event: 17.533 Thread 0x000002a14c38ea10 nmethod 6587 0x000002a1447d9610 code [0x000002a1447d97a0, 0x000002a1447d9988]
Event: 17.533 Thread 0x000002a14c38ea10 6588       1       java.util.HashMap::replacementTreeNode (21 bytes)
Event: 17.534 Thread 0x000002a1924dec20 nmethod 6585 0x000002a1447d9a10 code [0x000002a1447d9bc0, 0x000002a1447d9d88]
Event: 17.534 Thread 0x000002a193334000 nmethod 6584 0x000002a1447d9f10 code [0x000002a1447da120, 0x000002a1447da618]
Event: 17.534 Thread 0x000002a192eff080 nmethod 6586 0x000002a1447da890 code [0x000002a1447daa60, 0x000002a1447dad90]
Event: 17.534 Thread 0x000002a14c38ea10 nmethod 6588 0x000002a1447db110 code [0x000002a1447db2a0, 0x000002a1447db508]

GC Heap History (20 events):
Event: 8.420 GC heap after
{Heap after GC invocations=5 (full 0):
 garbage-first heap   total 65536K, used 19933K [0x0000000089c00000, 0x0000000100000000)
  region size 1024K, 3 young (3072K), 3 survivors (3072K)
 Metaspace       used 23602K, committed 24064K, reserved 1114112K
  class space    used 3119K, committed 3328K, reserved 1048576K
}
Event: 10.988 GC heap before
{Heap before GC invocations=5 (full 0):
 garbage-first heap   total 65536K, used 49629K [0x0000000089c00000, 0x0000000100000000)
  region size 1024K, 32 young (32768K), 3 survivors (3072K)
 Metaspace       used 27673K, committed 28288K, reserved 1114112K
  class space    used 3737K, committed 4032K, reserved 1048576K
}
Event: 11.003 GC heap after
{Heap after GC invocations=6 (full 0):
 garbage-first heap   total 65536K, used 22385K [0x0000000089c00000, 0x0000000100000000)
  region size 1024K, 3 young (3072K), 3 survivors (3072K)
 Metaspace       used 27673K, committed 28288K, reserved 1114112K
  class space    used 3737K, committed 4032K, reserved 1048576K
}
Event: 12.164 GC heap before
{Heap before GC invocations=6 (full 0):
 garbage-first heap   total 65536K, used 52081K [0x0000000089c00000, 0x0000000100000000)
  region size 1024K, 32 young (32768K), 3 survivors (3072K)
 Metaspace       used 32620K, committed 33216K, reserved 1114112K
  class space    used 4415K, committed 4672K, reserved 1048576K
}
Event: 12.179 GC heap after
{Heap after GC invocations=7 (full 0):
 garbage-first heap   total 65536K, used 24729K [0x0000000089c00000, 0x0000000100000000)
  region size 1024K, 3 young (3072K), 3 survivors (3072K)
 Metaspace       used 32620K, committed 33216K, reserved 1114112K
  class space    used 4415K, committed 4672K, reserved 1048576K
}
Event: 12.316 GC heap before
{Heap before GC invocations=7 (full 0):
 garbage-first heap   total 65536K, used 27801K [0x0000000089c00000, 0x0000000100000000)
  region size 1024K, 7 young (7168K), 3 survivors (3072K)
 Metaspace       used 33787K, committed 34368K, reserved 1114112K
  class space    used 4581K, committed 4864K, reserved 1048576K
}
Event: 12.323 GC heap after
{Heap after GC invocations=8 (full 0):
 garbage-first heap   total 65536K, used 25025K [0x0000000089c00000, 0x0000000100000000)
  region size 1024K, 1 young (1024K), 1 survivors (1024K)
 Metaspace       used 33787K, committed 34368K, reserved 1114112K
  class space    used 4581K, committed 4864K, reserved 1048576K
}
Event: 13.568 GC heap before
{Heap before GC invocations=9 (full 0):
 garbage-first heap   total 65536K, used 54721K [0x0000000089c00000, 0x0000000100000000)
  region size 1024K, 30 young (30720K), 1 survivors (1024K)
 Metaspace       used 41513K, committed 42176K, reserved 1114112K
  class space    used 5723K, committed 6016K, reserved 1048576K
}
Event: 13.575 GC heap after
{Heap after GC invocations=10 (full 0):
 garbage-first heap   total 65536K, used 27450K [0x0000000089c00000, 0x0000000100000000)
  region size 1024K, 3 young (3072K), 3 survivors (3072K)
 Metaspace       used 41513K, committed 42176K, reserved 1114112K
  class space    used 5723K, committed 6016K, reserved 1048576K
}
Event: 14.568 GC heap before
{Heap before GC invocations=10 (full 0):
 garbage-first heap   total 65536K, used 56122K [0x0000000089c00000, 0x0000000100000000)
  region size 1024K, 31 young (31744K), 3 survivors (3072K)
 Metaspace       used 48791K, committed 49472K, reserved 1114112K
  class space    used 6733K, committed 7040K, reserved 1048576K
}
Event: 14.582 GC heap after
{Heap after GC invocations=11 (full 0):
 garbage-first heap   total 65536K, used 28890K [0x0000000089c00000, 0x0000000100000000)
  region size 1024K, 2 young (2048K), 2 survivors (2048K)
 Metaspace       used 48791K, committed 49472K, reserved 1114112K
  class space    used 6733K, committed 7040K, reserved 1048576K
}
Event: 15.447 GC heap before
{Heap before GC invocations=11 (full 0):
 garbage-first heap   total 65536K, used 56538K [0x0000000089c00000, 0x0000000100000000)
  region size 1024K, 29 young (29696K), 2 survivors (2048K)
 Metaspace       used 53073K, committed 53760K, reserved 1114112K
  class space    used 7424K, committed 7744K, reserved 1048576K
}
Event: 15.455 GC heap after
{Heap after GC invocations=12 (full 0):
 garbage-first heap   total 65536K, used 29685K [0x0000000089c00000, 0x0000000100000000)
  region size 1024K, 3 young (3072K), 3 survivors (3072K)
 Metaspace       used 53073K, committed 53760K, reserved 1114112K
  class space    used 7424K, committed 7744K, reserved 1048576K
}
Event: 16.274 GC heap before
{Heap before GC invocations=12 (full 0):
 garbage-first heap   total 65536K, used 47093K [0x0000000089c00000, 0x0000000100000000)
  region size 1024K, 21 young (21504K), 3 survivors (3072K)
 Metaspace       used 56847K, committed 57536K, reserved 1114112K
  class space    used 7954K, committed 8256K, reserved 1048576K
}
Event: 16.284 GC heap after
{Heap after GC invocations=13 (full 0):
 garbage-first heap   total 65536K, used 30644K [0x0000000089c00000, 0x0000000100000000)
  region size 1024K, 2 young (2048K), 2 survivors (2048K)
 Metaspace       used 56847K, committed 57536K, reserved 1114112K
  class space    used 7954K, committed 8256K, reserved 1048576K
}
Event: 17.302 GC heap before
{Heap before GC invocations=14 (full 0):
 garbage-first heap   total 65536K, used 58292K [0x0000000089c00000, 0x0000000100000000)
  region size 1024K, 29 young (29696K), 2 survivors (2048K)
 Metaspace       used 61775K, committed 62528K, reserved 1114112K
  class space    used 8825K, committed 9152K, reserved 1048576K
}
Event: 17.310 GC heap after
{Heap after GC invocations=15 (full 0):
 garbage-first heap   total 65536K, used 33453K [0x0000000089c00000, 0x0000000100000000)
  region size 1024K, 4 young (4096K), 4 survivors (4096K)
 Metaspace       used 61775K, committed 62528K, reserved 1114112K
  class space    used 8825K, committed 9152K, reserved 1048576K
}
Event: 17.414 GC heap before
{Heap before GC invocations=15 (full 0):
 garbage-first heap   total 65536K, used 57005K [0x0000000089c00000, 0x0000000100000000)
  region size 1024K, 27 young (27648K), 4 survivors (4096K)
 Metaspace       used 61812K, committed 62656K, reserved 1114112K
  class space    used 8832K, committed 9216K, reserved 1048576K
}
Event: 17.422 GC heap after
{Heap after GC invocations=16 (full 0):
 garbage-first heap   total 65536K, used 36232K [0x0000000089c00000, 0x0000000100000000)
  region size 1024K, 3 young (3072K), 3 survivors (3072K)
 Metaspace       used 61812K, committed 62656K, reserved 1114112K
  class space    used 8832K, committed 9216K, reserved 1048576K
}
Event: 17.535 GC heap before
{Heap before GC invocations=16 (full 0):
 garbage-first heap   total 65536K, used 57736K [0x0000000089c00000, 0x0000000100000000)
  region size 1024K, 24 young (24576K), 3 survivors (3072K)
 Metaspace       used 61820K, committed 62656K, reserved 1114112K
  class space    used 8832K, committed 9216K, reserved 1048576K
}

Dll operation events (14 events):
Event: 0.034 Loaded shared library C:\Program Files\Java\jdk-20\bin\java.dll
Event: 0.079 Loaded shared library C:\Program Files\Java\jdk-20\bin\jsvml.dll
Event: 0.404 Loaded shared library C:\Program Files\Java\jdk-20\bin\zip.dll
Event: 0.412 Loaded shared library C:\Program Files\Java\jdk-20\bin\instrument.dll
Event: 0.443 Loaded shared library C:\Program Files\Java\jdk-20\bin\net.dll
Event: 0.454 Loaded shared library C:\Program Files\Java\jdk-20\bin\nio.dll
Event: 0.466 Loaded shared library C:\Program Files\Java\jdk-20\bin\zip.dll
Event: 1.269 Loaded shared library C:\Program Files\Java\jdk-20\bin\jimage.dll
Event: 1.330 Loaded shared library D:\IntelliJ\IntelliJ IDEA 2024.2.1\bin\breakgen64.dll
Event: 1.396 Loaded shared library C:\Program Files\Java\jdk-20\bin\extnet.dll
Event: 1.468 Loaded shared library C:\Program Files\Java\jdk-20\bin\management.dll
Event: 1.574 Loaded shared library C:\Program Files\Java\jdk-20\bin\management_ext.dll
Event: 2.738 Loaded shared library C:\Program Files\Java\jdk-20\bin\verify.dll
Event: 5.872 Loaded shared library C:\Program Files\Java\jdk-20\bin\sunmscapi.dll

Deoptimization events (12 events):
Event: 1.956 Thread 0x000002a13ba68ee0 DEOPT PACKING pc=0x000002a143d789dd sp=0x000000f64f0fd380
Event: 1.956 Thread 0x000002a13ba68ee0 DEOPT UNPACKING pc=0x000002a143b8a4c2 sp=0x000000f64f0fc830 mode 3
Event: 1.993 Thread 0x000002a13ba68ee0 DEOPT PACKING pc=0x000002a143d92f60 sp=0x000000f64f0fd350
Event: 1.993 Thread 0x000002a13ba68ee0 DEOPT UNPACKING pc=0x000002a143b8a4c2 sp=0x000000f64f0fc808 mode 3
Event: 5.407 Thread 0x000002a13ba68ee0 DEOPT PACKING pc=0x000002a14416ed79 sp=0x000000f64f0fd600
Event: 5.407 Thread 0x000002a13ba68ee0 DEOPT UNPACKING pc=0x000002a143b8a4c2 sp=0x000000f64f0fcae0 mode 3
Event: 9.040 Thread 0x000002a13ba68ee0 DEOPT PACKING pc=0x000002a144422af9 sp=0x000000f64f0fdfd0
Event: 9.040 Thread 0x000002a13ba68ee0 DEOPT UNPACKING pc=0x000002a143b8a4c2 sp=0x000000f64f0fd4b0 mode 3
Event: 10.143 Thread 0x000002a13ba68ee0 DEOPT PACKING pc=0x000002a144357074 sp=0x000000f64f0fc230
Event: 10.144 Thread 0x000002a13ba68ee0 DEOPT UNPACKING pc=0x000002a143b8a4c2 sp=0x000000f64f0fb6e8 mode 0
Event: 11.260 Thread 0x000002a13ba68ee0 DEOPT PACKING pc=0x000002a1444b5ced sp=0x000000f64f0fd650
Event: 11.260 Thread 0x000002a13ba68ee0 DEOPT UNPACKING pc=0x000002a143b8a4c2 sp=0x000000f64f0fcbb8 mode 3

Classes loaded (20 events):
Event: 16.775 Loading class java/util/regex/Pattern$SliceI
Event: 16.775 Loading class java/util/regex/Pattern$SliceI done
Event: 16.776 Loading class java/util/regex/Pattern$LookBehindEndNode
Event: 16.776 Loading class java/util/regex/Pattern$LookBehindEndNode done
Event: 16.776 Loading class java/util/regex/Pattern$NotBehind
Event: 16.776 Loading class java/util/regex/Pattern$NotBehind done
Event: 16.776 Loading class java/util/regex/Pattern$Behind
Event: 16.776 Loading class java/util/regex/Pattern$Behind done
Event: 16.840 Loading class java/util/stream/SortedOps$SizedRefSortingSink
Event: 16.841 Loading class java/util/stream/SortedOps$SizedRefSortingSink done
Event: 16.859 Loading class javax/net/ssl/SSLException
Event: 16.859 Loading class javax/net/ssl/SSLException done
Event: 16.881 Loading class java/nio/channels/CompletionHandler
Event: 16.881 Loading class java/nio/channels/CompletionHandler done
Event: 16.923 Loading class sun/reflect/annotation/AnnotationInvocationHandler$1
Event: 16.924 Loading class sun/reflect/annotation/AnnotationInvocationHandler$1 done
Event: 17.018 Loading class java/util/EmptyStackException
Event: 17.018 Loading class java/util/EmptyStackException done
Event: 17.221 Loading class java/io/InvalidClassException
Event: 17.221 Loading class java/io/InvalidClassException done

Classes unloaded (0 events):
No events

Classes redefined (0 events):
No events

Internal exceptions (20 events):
Event: 15.539 Thread 0x000002a13ba68ee0 Exception <a 'java/lang/NoSuchMethodError'{0x000000008e9fbc70}: 'void java.lang.invoke.DirectMethodHandle$Holder.invokeSpecial(java.lang.Object, java.lang.Object, java.lang.Object, java.lang.Object, java.lang.Object, java.lang.Object, java.lang.Object, java.lang.Object)'> (0x000000008e9fbc70) 
thrown [s\open\src\hotspot\share\interpreter\linkResolver.cpp, line 773]
Event: 15.550 Thread 0x000002a13ba68ee0 Exception <a 'java/lang/NoSuchMethodError'{0x000000008e83ab08}: 'void java.lang.invoke.DirectMethodHandle$Holder.invokeSpecial(java.lang.Object, java.lang.Object, int, java.lang.Object)'> (0x000000008e83ab08) 
thrown [s\open\src\hotspot\share\interpreter\linkResolver.cpp, line 773]
Event: 15.550 Thread 0x000002a13ba68ee0 Exception <a 'java/lang/NoSuchMethodError'{0x000000008e841eb8}: 'java.lang.Object java.lang.invoke.DirectMethodHandle$Holder.newInvokeSpecial(java.lang.Object, java.lang.Object, int)'> (0x000000008e841eb8) 
thrown [s\open\src\hotspot\share\interpreter\linkResolver.cpp, line 773]
Event: 15.550 Thread 0x000002a13ba68ee0 Exception <a 'java/lang/IncompatibleClassChangeError'{0x000000008e845ee8}: Found class java.lang.Object, but interface was expected> (0x000000008e845ee8) 
thrown [s\open\src\hotspot\share\interpreter\linkResolver.cpp, line 840]
Event: 15.597 Thread 0x000002a13ba68ee0 Exception <a 'java/lang/NoSuchMethodError'{0x000000008e7c42a8}: 'int java.lang.invoke.DirectMethodHandle$Holder.invokeStatic(java.lang.Object, int, java.lang.Object)'> (0x000000008e7c42a8) 
thrown [s\open\src\hotspot\share\interpreter\linkResolver.cpp, line 773]
Event: 15.601 Thread 0x000002a13ba68ee0 Exception <a 'java/lang/NoSuchMethodError'{0x000000008e7e3c18}: 'java.lang.Object java.lang.invoke.DirectMethodHandle$Holder.newInvokeSpecial(java.lang.Object, java.lang.Object, java.lang.Object, java.lang.Object, java.lang.Object, int, java.lang.Object)'> (0x000000008e7e3c18) 
thrown [s\open\src\hotspot\share\interpreter\linkResolver.cpp, line 773]
Event: 15.607 Thread 0x000002a13ba68ee0 Exception <a 'java/lang/NoSuchMethodError'{0x000000008e619640}: 'java.lang.Object java.lang.invoke.DirectMethodHandle$Holder.newInvokeSpecial(java.lang.Object, java.lang.Object, java.lang.Object, java.lang.Object, java.lang.Object, java.lang.Object, java.lang.Object, java.lang.Object, java.lang.Object, java.lang.Object, java.lang.Object, java.lang.Object)'> (0x000000008e619640) 
thrown [s\open\src\hotspot\share\interpreter\linkResolver.cpp, line 773]
Event: 15.608 Thread 0x000002a13ba68ee0 Exception <a 'java/lang/NoSuchMethodError'{0x000000008e61e6e8}: 'java.lang.Object java.lang.invoke.DirectMethodHandle$Holder.invokeSpecial(java.lang.Object, java.lang.Object, java.lang.Object, java.lang.Object, java.lang.Object, java.lang.Object, java.lang.Object, java.lang.Object, java.lang.Object, java.lang.Object, java.lang.Object, java.lang.Object, java.lang.Object)'> (0x000000008e61e6e8) 
thrown [s\open\src\hotspot\share\interpreter\linkResolver.cpp, line 773]
Event: 15.608 Thread 0x000002a13ba68ee0 Exception <a 'java/lang/NoSuchMethodError'{0x000000008e6233d0}: 'java.lang.Object java.lang.invoke.Invokers$Holder.linkToTargetMethod(java.lang.Object, java.lang.Object, java.lang.Object, java.lang.Object, java.lang.Object, java.lang.Object, java.lang.Object, java.lang.Object, java.lang.Object, java.lang.Object, java.lang.Object, java.lang.Object)'> (0x000000008e6233d0) 
thrown [s\open\src\hotspot\share\interpreter\linkResolver.cpp, line 773]
Event: 15.682 Thread 0x000002a13ba68ee0 Exception <a 'java/lang/IncompatibleClassChangeError'{0x000000008e5f2ad0}: Found class java.lang.Object, but interface was expected> (0x000000008e5f2ad0) 
thrown [s\open\src\hotspot\share\interpreter\linkResolver.cpp, line 840]
Event: 15.702 Thread 0x000002a13ba68ee0 Exception <a 'java/lang/NoSuchMethodError'{0x000000008e46bb40}: 'java.lang.Object java.lang.invoke.DirectMethodHandle$Holder.newInvokeSpecial(java.lang.Object, java.lang.Object, java.lang.Object, java.lang.Object, java.lang.Object, java.lang.Object, java.lang.Object, int)'> (0x000000008e46bb40) 
thrown [s\open\src\hotspot\share\interpreter\linkResolver.cpp, line 773]
Event: 15.702 Thread 0x000002a13ba68ee0 Exception <a 'java/lang/NoSuchMethodError'{0x000000008e4708b0}: 'java.lang.Object java.lang.invoke.DirectMethodHandle$Holder.invokeSpecial(java.lang.Object, java.lang.Object, java.lang.Object, java.lang.Object, java.lang.Object, java.lang.Object, java.lang.Object, java.lang.Object, int)'> (0x000000008e4708b0) 
thrown [s\open\src\hotspot\share\interpreter\linkResolver.cpp, line 773]
Event: 15.702 Thread 0x000002a13ba68ee0 Exception <a 'java/lang/NoSuchMethodError'{0x000000008e4750d8}: 'java.lang.Object java.lang.invoke.Invokers$Holder.linkToTargetMethod(java.lang.Object, java.lang.Object, java.lang.Object, java.lang.Object, java.lang.Object, java.lang.Object, int, java.lang.Object)'> (0x000000008e4750d8) 
thrown [s\open\src\hotspot\share\interpreter\linkResolver.cpp, line 773]
Event: 15.737 Thread 0x000002a13ba68ee0 Exception <a 'java/lang/NoSuchMethodError'{0x000000008d468d40}: 'java.lang.Object java.lang.invoke.DirectMethodHandle$Holder.newInvokeSpecial(java.lang.Object, java.lang.Object, int, java.lang.Object, int, java.lang.Object, java.lang.Object)'> (0x000000008d468d40) 
thrown [s\open\src\hotspot\share\interpreter\linkResolver.cpp, line 773]
Event: 16.247 Thread 0x000002a13ba68ee0 Exception <a 'java/lang/IncompatibleClassChangeError'{0x000000008cb48850}: Found class java.lang.Object, but interface was expected> (0x000000008cb48850) 
thrown [s\open\src\hotspot\share\interpreter\linkResolver.cpp, line 840]
Event: 16.336 Thread 0x000002a13ba68ee0 Exception <a 'java/lang/IncompatibleClassChangeError'{0x00000000913ed850}: Found class java.lang.Object, but interface was expected> (0x00000000913ed850) 
thrown [s\open\src\hotspot\share\interpreter\linkResolver.cpp, line 840]
Event: 16.603 Thread 0x000002a13ba68ee0 Exception <a 'java/lang/IncompatibleClassChangeError'{0x000000008d36a960}: Found class java.lang.Object, but interface was expected> (0x000000008d36a960) 
thrown [s\open\src\hotspot\share\interpreter\linkResolver.cpp, line 840]
Event: 16.729 Thread 0x000002a13ba68ee0 Exception <a 'java/lang/IncompatibleClassChangeError'{0x000000008d0590c8}: Found class java.lang.Object, but interface was expected> (0x000000008d0590c8) 
thrown [s\open\src\hotspot\share\interpreter\linkResolver.cpp, line 840]
Event: 16.730 Thread 0x000002a13ba68ee0 Exception <a 'java/lang/IncompatibleClassChangeError'{0x000000008d05fc78}: Found class java.lang.Object, but interface was expected> (0x000000008d05fc78) 
thrown [s\open\src\hotspot\share\interpreter\linkResolver.cpp, line 840]
Event: 16.800 Thread 0x000002a13ba68ee0 Exception <a 'java/lang/NoSuchMethodError'{0x000000008ce0a350}: 'java.lang.Object java.lang.invoke.DirectMethodHandle$Holder.invokeStatic(java.lang.Object, int, java.lang.Object)'> (0x000000008ce0a350) 
thrown [s\open\src\hotspot\share\interpreter\linkResolver.cpp, line 773]

VM Operations (20 events):
Event: 16.326 Executing VM operation: G1PauseCleanup done
Event: 16.625 Executing VM operation: HandshakeAllThreads
Event: 16.625 Executing VM operation: HandshakeAllThreads done
Event: 16.627 Executing VM operation: HandshakeAllThreads
Event: 16.627 Executing VM operation: HandshakeAllThreads done
Event: 16.833 Executing VM operation: HandshakeAllThreads
Event: 16.833 Executing VM operation: HandshakeAllThreads done
Event: 16.834 Executing VM operation: HandshakeAllThreads
Event: 16.834 Executing VM operation: HandshakeAllThreads done
Event: 16.892 Executing VM operation: HandshakeAllThreads
Event: 16.892 Executing VM operation: HandshakeAllThreads done
Event: 17.243 Executing VM operation: HandshakeAllThreads
Event: 17.243 Executing VM operation: HandshakeAllThreads done
Event: 17.302 Executing VM operation: G1CollectForAllocation
Event: 17.310 Executing VM operation: G1CollectForAllocation done
Event: 17.414 Executing VM operation: G1CollectForAllocation
Event: 17.422 Executing VM operation: G1CollectForAllocation done
Event: 17.508 Executing VM operation: HandshakeAllThreads
Event: 17.508 Executing VM operation: HandshakeAllThreads done
Event: 17.535 Executing VM operation: G1CollectForAllocation

Events (20 events):
Event: 16.313 Thread 0x000002a14c3634c0 flushing nmethod 0x000002a144270e10
Event: 16.313 Thread 0x000002a14c3634c0 flushing nmethod 0x000002a14426b310
Event: 16.313 Thread 0x000002a14c3634c0 flushing nmethod 0x000002a144261b10
Event: 16.313 Thread 0x000002a14c3634c0 flushing nmethod 0x000002a144245f90
Event: 16.313 Thread 0x000002a14c3634c0 flushing nmethod 0x000002a144229a90
Event: 16.313 Thread 0x000002a14c3634c0 flushing nmethod 0x000002a144232490
Event: 16.313 Thread 0x000002a14c3634c0 flushing nmethod 0x000002a14420aa90
Event: 16.313 Thread 0x000002a14c3634c0 flushing nmethod 0x000002a1441f5710
Event: 16.313 Thread 0x000002a14c3634c0 flushing nmethod 0x000002a1441e5d90
Event: 16.313 Thread 0x000002a14c3634c0 flushing nmethod 0x000002a14407ce10
Event: 16.313 Thread 0x000002a14c3634c0 flushing nmethod 0x000002a14402f510
Event: 16.313 Thread 0x000002a14c3634c0 flushing nmethod 0x000002a143d88310
Event: 16.313 Thread 0x000002a14c3634c0 flushing nmethod 0x000002a143c46590
Event: 16.564 Thread 0x000002a193000a50 Thread added: 0x000002a193000a50
Event: 16.573 Thread 0x000002a193000a50 Thread exited: 0x000002a193000a50
Event: 16.901 Thread 0x000002a192ffffb0 Thread added: 0x000002a192ffffb0
Event: 16.903 Thread 0x000002a192ffefc0 Thread added: 0x000002a192ffefc0
Event: 16.910 Thread 0x000002a192ffea70 Thread added: 0x000002a192ffea70
Event: 17.076 Thread 0x000002a192fff510 Thread added: 0x000002a192fff510
Event: 17.086 Thread 0x000002a192fff510 Thread exited: 0x000002a192fff510


Dynamic libraries:
0x00007ff7be890000 - 0x00007ff7be8a0000 	C:\Program Files\Java\jdk-20\bin\java.exe
0x00007ffced390000 - 0x00007ffced5a7000 	C:\WINDOWS\SYSTEM32\ntdll.dll
0x00007ffcaf230000 - 0x00007ffcaf24b000 	C:\Program Files\Avast Software\Avast\aswhook.dll
0x00007ffceca50000 - 0x00007ffcecb14000 	C:\WINDOWS\System32\KERNEL32.DLL
0x00007ffcea580000 - 0x00007ffcea953000 	C:\WINDOWS\System32\KERNELBASE.dll
0x00007ffceaf10000 - 0x00007ffceb021000 	C:\WINDOWS\System32\ucrtbase.dll
0x00007ffcad950000 - 0x00007ffcad969000 	C:\Program Files\Java\jdk-20\bin\jli.dll
0x00007ffcb0b40000 - 0x00007ffcb0b5b000 	C:\Program Files\Java\jdk-20\bin\VCRUNTIME140.dll
0x00007ffceb930000 - 0x00007ffceb9e1000 	C:\WINDOWS\System32\ADVAPI32.dll
0x00007ffceb9f0000 - 0x00007ffceba97000 	C:\WINDOWS\System32\msvcrt.dll
0x00007ffceb3f0000 - 0x00007ffceb498000 	C:\WINDOWS\System32\sechost.dll
0x00007ffcea4d0000 - 0x00007ffcea4f8000 	C:\WINDOWS\System32\bcrypt.dll
0x00007ffceb2d0000 - 0x00007ffceb3e4000 	C:\WINDOWS\System32\RPCRT4.dll
0x00007ffcec620000 - 0x00007ffcec7d1000 	C:\WINDOWS\System32\USER32.dll
0x00007ffcea4a0000 - 0x00007ffcea4c6000 	C:\WINDOWS\System32\win32u.dll
0x00007ffcec9a0000 - 0x00007ffcec9c9000 	C:\WINDOWS\System32\GDI32.dll
0x00007ffceab40000 - 0x00007ffceac5b000 	C:\WINDOWS\System32\gdi32full.dll
0x00007ffcd2760000 - 0x00007ffcd29f8000 	C:\WINDOWS\WinSxS\amd64_microsoft.windows.common-controls_6595b64144ccf1df_6.0.22621.5124_none_270e8f4f7386d69d\COMCTL32.dll
0x00007ffceaaa0000 - 0x00007ffceab3a000 	C:\WINDOWS\System32\msvcp_win.dll
0x00007ffce02c0000 - 0x00007ffce02ca000 	C:\WINDOWS\SYSTEM32\VERSION.dll
0x00007ffcec5e0000 - 0x00007ffcec611000 	C:\WINDOWS\System32\IMM32.DLL
0x00007ffcb5760000 - 0x00007ffcb576c000 	C:\Program Files\Java\jdk-20\bin\vcruntime140_1.dll
0x00007ffc428a0000 - 0x00007ffc4292e000 	C:\Program Files\Java\jdk-20\bin\msvcp140.dll
0x00007ffc2b450000 - 0x00007ffc2c0e8000 	C:\Program Files\Java\jdk-20\bin\server\jvm.dll
0x00007ffcd8e60000 - 0x00007ffcd8e69000 	C:\WINDOWS\SYSTEM32\WSOCK32.dll
0x00007ffce42e0000 - 0x00007ffce4314000 	C:\WINDOWS\SYSTEM32\WINMM.dll
0x00007ffcec9d0000 - 0x00007ffceca41000 	C:\WINDOWS\System32\WS2_32.dll
0x00007ffce9580000 - 0x00007ffce9598000 	C:\WINDOWS\SYSTEM32\kernel.appcore.dll
0x00007ffcb56b0000 - 0x00007ffcb56ba000 	C:\Program Files\Java\jdk-20\bin\jimage.dll
0x00007ffce7d70000 - 0x00007ffce7fa2000 	C:\WINDOWS\SYSTEM32\DBGHELP.DLL
0x00007ffcecea0000 - 0x00007ffced232000 	C:\WINDOWS\System32\combase.dll
0x00007ffcecb20000 - 0x00007ffcecbf7000 	C:\WINDOWS\System32\OLEAUT32.dll
0x00007ffcded70000 - 0x00007ffcdeda2000 	C:\WINDOWS\SYSTEM32\dbgcore.DLL
0x00007ffcea500000 - 0x00007ffcea57b000 	C:\WINDOWS\System32\bcryptPrimitives.dll
0x00007ffcb45e0000 - 0x00007ffcb45ee000 	C:\Program Files\Java\jdk-20\bin\instrument.dll
0x00007ffcad920000 - 0x00007ffcad946000 	C:\Program Files\Java\jdk-20\bin\java.dll
0x00007ffc32740000 - 0x00007ffc32817000 	C:\Program Files\Java\jdk-20\bin\jsvml.dll
0x00007ffcebc20000 - 0x00007ffcec4b6000 	C:\WINDOWS\System32\SHELL32.dll
0x00007ffceac60000 - 0x00007ffcead9f000 	C:\WINDOWS\System32\wintypes.dll
0x00007ffce8380000 - 0x00007ffce8c9a000 	C:\WINDOWS\SYSTEM32\windows.storage.dll
0x00007ffced240000 - 0x00007ffced34a000 	C:\WINDOWS\System32\SHCORE.dll
0x00007ffceb140000 - 0x00007ffceb1a3000 	C:\WINDOWS\System32\shlwapi.dll
0x00007ffcea3d0000 - 0x00007ffcea3fb000 	C:\WINDOWS\SYSTEM32\profapi.dll
0x00007ffca77c0000 - 0x00007ffca77d8000 	C:\Program Files\Java\jdk-20\bin\zip.dll
0x00007ffca7800000 - 0x00007ffca7813000 	C:\Program Files\Java\jdk-20\bin\net.dll
0x00007ffce4100000 - 0x00007ffce422c000 	C:\WINDOWS\SYSTEM32\WINHTTP.dll
0x00007ffce9a00000 - 0x00007ffce9a6a000 	C:\WINDOWS\system32\mswsock.dll
0x00007ffca77e0000 - 0x00007ffca77f6000 	C:\Program Files\Java\jdk-20\bin\nio.dll
0x00007ffca6c10000 - 0x00007ffca6c2a000 	D:\IntelliJ\IntelliJ IDEA 2024.2.1\bin\breakgen64.dll
0x00007ffcb3430000 - 0x00007ffcb3437000 	C:\Program Files\Java\jdk-20\bin\extnet.dll
0x00007ffce8fe0000 - 0x00007ffce90e2000 	C:\WINDOWS\SYSTEM32\DNSAPI.dll
0x00007ffce8f70000 - 0x00007ffce8f9d000 	C:\WINDOWS\SYSTEM32\IPHLPAPI.DLL
0x00007ffceb920000 - 0x00007ffceb929000 	C:\WINDOWS\System32\NSI.dll
0x000000006cf70000 - 0x000000006cf96000 	C:\Program Files\Bonjour\mdnsNSP.dll
0x00007ffce04f0000 - 0x00007ffce04fa000 	C:\Windows\System32\rasadhlp.dll
0x00007ffce0ec0000 - 0x00007ffce0f43000 	C:\WINDOWS\System32\fwpuclnt.dll
0x00007ffcb52c0000 - 0x00007ffcb52ca000 	C:\Program Files\Java\jdk-20\bin\management.dll
0x00007ffcb4f90000 - 0x00007ffcb4f9b000 	C:\Program Files\Java\jdk-20\bin\management_ext.dll
0x00007ffcec990000 - 0x00007ffcec998000 	C:\WINDOWS\System32\PSAPI.DLL
0x00007ffce9c40000 - 0x00007ffce9c5b000 	C:\WINDOWS\SYSTEM32\CRYPTSP.dll
0x00007ffce94e0000 - 0x00007ffce9517000 	C:\WINDOWS\system32\rsaenh.dll
0x00007ffce9ac0000 - 0x00007ffce9ae8000 	C:\WINDOWS\SYSTEM32\USERENV.dll
0x00007ffce9c30000 - 0x00007ffce9c3c000 	C:\WINDOWS\SYSTEM32\CRYPTBASE.dll
0x00007ffce3fe0000 - 0x00007ffce3ff9000 	C:\WINDOWS\SYSTEM32\dhcpcsvc6.DLL
0x00007ffce3e50000 - 0x00007ffce3e6f000 	C:\WINDOWS\SYSTEM32\dhcpcsvc.DLL
0x00007ffcc5a80000 - 0x00007ffcc5a97000 	C:\WINDOWS\system32\napinsp.dll
0x00007ffcc49b0000 - 0x00007ffcc49cb000 	C:\WINDOWS\system32\pnrpnsp.dll
0x00007ffcc4950000 - 0x00007ffcc4961000 	C:\WINDOWS\System32\winrnr.dll
0x00007ffce3e30000 - 0x00007ffce3e45000 	C:\WINDOWS\system32\wshbth.dll
0x00007ffcc4920000 - 0x00007ffcc4947000 	C:\WINDOWS\system32\nlansp_c.dll
0x00007ffcb1c70000 - 0x00007ffcb1c80000 	C:\Program Files\Java\jdk-20\bin\verify.dll
0x00007ffcce1c0000 - 0x00007ffcce210000 	C:\WINDOWS\SYSTEM32\pdh.dll
0x00007ffca5b10000 - 0x00007ffca5b21000 	C:\WINDOWS\System32\perfproc.dll
0x00007ffce3b60000 - 0x00007ffce3b70000 	C:\WINDOWS\System32\perfos.dll
0x00007ffce77e0000 - 0x00007ffce77f0000 	C:\WINDOWS\SYSTEM32\pfclient.dll
0x00007ffcb3570000 - 0x00007ffcb357e000 	C:\Program Files\Java\jdk-20\bin\sunmscapi.dll
0x00007ffceada0000 - 0x00007ffceaf07000 	C:\WINDOWS\System32\CRYPT32.dll
0x00007ffce9e50000 - 0x00007ffce9e7d000 	C:\WINDOWS\SYSTEM32\ncrypt.dll
0x00007ffce9e10000 - 0x00007ffce9e47000 	C:\WINDOWS\SYSTEM32\NTASN1.dll

dbghelp: loaded successfully - version: 4.0.5 - missing functions: none
symbol engine: initialized successfully - sym options: 0x614 - pdb path: .;C:\Program Files\Java\jdk-20\bin;C:\WINDOWS\SYSTEM32;C:\Program Files\Avast Software\Avast;C:\WINDOWS\WinSxS\amd64_microsoft.windows.common-controls_6595b64144ccf1df_6.0.22621.5124_none_270e8f4f7386d69d;C:\Program Files\Java\jdk-20\bin\server;D:\IntelliJ\IntelliJ IDEA 2024.2.1\bin;C:\Program Files\Bonjour

VM Arguments:
jvm_args: -XX:TieredStopAtLevel=1 -Dspring.output.ansi.enabled=always -Dcom.sun.management.jmxremote -Dspring.jmx.enabled=true -Dspring.liveBeansView.mbeanDomain -Dspring.application.admin.enabled=true -Dmanagement.endpoints.jmx.exposure.include=* -javaagent:D:\IntelliJ\IntelliJ IDEA 2024.2.1\lib\idea_rt.jar=58694:D:\IntelliJ\IntelliJ IDEA 2024.2.1\bin -Dfile.encoding=UTF-8 -Dsun.stdout.encoding=UTF-8 -Dsun.stderr.encoding=UTF-8 
java_command: com.water.customer.CustomerApplication
java_class_path (initial): D:\UNIVERSITY\3rd Yr\SDP\customer\customer\target\classes;C:\Users\asus\.m2\repository\org\springframework\boot\spring-boot-starter-data-jpa\3.4.1\spring-boot-starter-data-jpa-3.4.1.jar;C:\Users\asus\.m2\repository\org\springframework\boot\spring-boot-starter\3.4.1\spring-boot-starter-3.4.1.jar;C:\Users\asus\.m2\repository\org\springframework\boot\spring-boot\3.4.1\spring-boot-3.4.1.jar;C:\Users\asus\.m2\repository\org\springframework\boot\spring-boot-autoconfigure\3.4.1\spring-boot-autoconfigure-3.4.1.jar;C:\Users\asus\.m2\repository\org\springframework\boot\spring-boot-starter-logging\3.4.1\spring-boot-starter-logging-3.4.1.jar;C:\Users\asus\.m2\repository\ch\qos\logback\logback-classic\1.5.12\logback-classic-1.5.12.jar;C:\Users\asus\.m2\repository\ch\qos\logback\logback-core\1.5.12\logback-core-1.5.12.jar;C:\Users\asus\.m2\repository\org\apache\logging\log4j\log4j-to-slf4j\2.24.3\log4j-to-slf4j-2.24.3.jar;C:\Users\asus\.m2\repository\org\apache\logging\log4j\log4j-api\2.24.3\log4j-api-2.24.3.jar;C:\Users\asus\.m2\repository\org\slf4j\jul-to-slf4j\2.0.16\jul-to-slf4j-2.0.16.jar;C:\Users\asus\.m2\repository\jakarta\annotation\jakarta.annotation-api\2.1.1\jakarta.annotation-api-2.1.1.jar;C:\Users\asus\.m2\repository\org\yaml\snakeyaml\2.3\snakeyaml-2.3.jar;C:\Users\asus\.m2\repository\org\springframework\boot\spring-boot-starter-jdbc\3.4.1\spring-boot-starter-jdbc-3.4.1.jar;C:\Users\asus\.m2\repository\com\zaxxer\HikariCP\5.1.0\HikariCP-5.1.0.jar;C:\Users\asus\.m2\repository\org\springframework\spring-jdbc\6.2.1\spring-jdbc-6.2.1.jar;C:\Users\asus\.m2\repository\org\hibernate\orm\hibernate-core\6.6.4.Final\hibernate-core-6.6.4.Final.jar;C:\Users\asus\.m2\repository\jakarta\persistence\jakarta.persistence-api\3.1.0\jakarta.persistence-api-3.1.0.jar;C:\Users\asus\.m2\repository\jakarta\transaction\jakarta.transaction-api\2.0.1\jakarta.transaction-api-2.0.1.jar;C:\Users\asus\.m2\repository\org\jboss\logging\jboss-logging\3.6.1.Final\jboss-logging-3.6.1.Final.jar;C:\Users\asus\.m2\repository\org\hibernate\common\hibernate-commons-annotations\7.0.3.Final\hibernate-commons-annotations-7.0.3.Final.jar;C:\Users\asus\.m2\repository\io\smallrye\jandex\3.2.0\jandex-3.2.0.jar;C:\Users\asus\.m2\repository\com\fasterxml\classmate\1.7.0\classmate-1.7.0.jar;C:\Users\asus\.m2\repository\net\bytebuddy\byte-buddy\1.15.11\byte-buddy-1.15.11.jar;C:\Users\asus\.m2\repository\org\glassfish\jaxb\jaxb-runtime\4.0.5\jaxb-runtime-4.0.5.jar;C:\Users\asus\.m2\repository\org\glassfish\jaxb\jaxb-core\4.0.5\jaxb-core-4.0.5.jar;C:\Users\asus\.m2\repository\org\eclipse\angus\angus-activation\2.0.2\angus-activation-2.0.2.jar;C:\Users\asus\.m2\repository\org\glassfish\jaxb\txw2\4.0.5\txw2-4.0.5.jar;C:\Users\asus\.m2\repository\com\sun\istack\istack-commons-runtime\4.1.2\istack-commons-runtime-4.1.2.jar;C:\Users\asus\.m2\repository\jakarta\inject\jakarta.inject-api\2.0.1\jakarta.inject-api-2.0.1.jar;C:\Users\asus\.m2\repository\org\antlr\antlr4-runtime\4.13.0\antlr4-runtime-4.13.0.jar;C:\Users\asus\.m2\repository\org\springframework\data\spring-data-jpa\3.4.1\spring-data-jpa-3.4.1.jar;C:\Users\asus\.m2\repository\org\springframework\data\spring-data-commons\3.4.1\spring-data-commons-3.4.1.jar;C:\Users\asus\.m2\repository\org\springframework\spring-orm\6.2.1\spring-orm-6.2.1.jar;C:\Users\asus\.m2\repository\org\springframework\spring-context\6.2.1\spring-context-6.2.1.jar;C:\Users\asus\.m2\repository\org\springframework\spring-tx\6.2.1\spring-tx-6.2.1.jar;C:\Users\asus\.m2\repository\org\springframework\spring-beans\6.2.1\spring-beans-6.2.1.jar;C:\Users\asus\.m2\repository\org\springframework\spring-aspects\6.2.1\spring-aspects-6.2.1.jar;C:\Users\asus\.m2\repository\org\aspectj\aspectjweaver\1.9.22.1\aspectjweaver-1.9.22.1.jar;C:\Users\asus\.m2\repository\org\springframework\boot\spring-boot-starter-web\3.4.1\spring-boot-starter-web-3.4.1.jar;C:\Users\asus\.m2\repository\org\springframework\boot\spring-boot-starter-json\3.4.1\spring-boot-starter-json-3.4.1.jar;C:\Users\asus\.m2\repository\com\fasterxml\jackson\datatype\jackson-datatype-jdk8\2.18.2\jackson-datatype-jdk8-2.18.2.jar;C:\Users\asus\.m2\repository\com\fasterxml\jackson\module\jackson-module-parameter-names\2.18.2\jackson-module-parameter-names-2.18.2.jar;C:\Users\asus\.m2\repository\org\springframework\boot\spring-boot-starter-tomcat\3.4.1\spring-boot-starter-tomcat-3.4.1.jar;C:\Users\asus\.m2\repository\org\apache\tomcat\embed\tomcat-embed-core\10.1.34\tomcat-embed-core-10.1.34.jar;C:\Users\asus\.m2\repository\org\apache\tomcat\embed\tomcat-embed-el\10.1.34\tomcat-embed-el-10.1.34.jar;C:\Users\asus\.m2\repository\org\apache\tomcat\embed\tomcat-embed-websocket\10.1.34\tomcat-embed-websocket-10.1.34.jar;C:\Users\asus\.m2\repository\org\springframework\spring-web\6.2.1\spring-web-6.2.1.jar;C:\Users\asus\.m2\repository\io\micrometer\micrometer-observation\1.14.2\micrometer-observation-1.14.2.jar;C:\Users\asus\.m2\repository\io\micrometer\micrometer-commons\1.14.2\micrometer-commons-1.14.2.jar;C:\Users\asus\.m2\repository\org\springframework\spring-webmvc\6.2.1\spring-webmvc-6.2.1.jar;C:\Users\asus\.m2\repository\org\springframework\spring-expression\6.2.1\spring-expression-6.2.1.jar;C:\Users\asus\.m2\repository\com\mysql\mysql-connector-j\9.1.0\mysql-connector-j-9.1.0.jar;C:\Users\asus\.m2\repository\com\squareup\okhttp3\okhttp\5.0.0-alpha.14\okhttp-5.0.0-alpha.14.jar;C:\Users\asus\.m2\repository\com\squareup\okio\okio-jvm\3.9.0\okio-jvm-3.9.0.jar;C:\Users\asus\.m2\repository\org\jetbrains\kotlin\kotlin-stdlib\1.9.25\kotlin-stdlib-1.9.25.jar;C:\Users\asus\.m2\repository\org\jetbrains\annotations\13.0\annotations-13.0.jar;C:\Users\asus\.m2\repository\org\projectlombok\lombok\1.18.36\lombok-1.18.36.jar;C:\Users\asus\.m2\repository\com\twilio\sdk\twilio\10.7.1\twilio-10.7.1.jar;C:\Users\asus\.m2\repository\commons-codec\commons-codec\1.17.1\commons-codec-1.17.1.jar;C:\Users\asus\.m2\repository\commons-io\commons-io\2.14.0\commons-io-2.14.0.jar;C:\Users\asus\.m2\repository\org\apache\httpcomponents\httpclient\4.5.13\httpclient-4.5.13.jar;C:\Users\asus\.m2\repository\commons-logging\commons-logging\1.2\commons-logging-1.2.jar;C:\Users\asus\.m2\repository\org\apache\httpcomponents\httpcore\4.4.16\httpcore-4.4.16.jar;C:\Users\asus\.m2\repository\com\fasterxml\jackson\core\jackson-core\2.18.2\jackson-core-2.18.2.jar;C:\Users\asus\.m2\repository\com\fasterxml\jackson\core\jackson-annotations\2.18.2\jackson-annotations-2.18.2.jar;C:\Users\asus\.m2\repository\com\fasterxml\jackson\core\jackson-databind\2.18.2\jackson-databind-2.18.2.jar;C:\Users\asus\.m2\repository\com\fasterxml\jackson\datatype\jackson-datatype-jsr310\2.18.2\jackson-datatype-jsr310-2.18.2.jar;C:\Users\asus\.m2\repository\com\fasterxml\jackson\dataformat\jackson-dataformat-xml\2.18.2\jackson-dataformat-xml-2.18.2.jar;C:\Users\asus\.m2\repository\org\codehaus\woodstox\stax2-api\4.2.2\stax2-api-4.2.2.jar;C:\Users\asus\.m2\repository\com\fasterxml\woodstox\woodstox-core\7.0.0\woodstox-core-7.0.0.jar;C:\Users\asus\.m2\repository\org\slf4j\slf4j-api\2.0.16\slf4j-api-2.0.16.jar;C:\Users\asus\.m2\repository\org\json\json\20240303\json-20240303.jar;C:\Users\asus\.m2\repository\com\auth0\java-jwt\4.4.0\java-jwt-4.4.0.jar;C:\Users\asus\.m2\repository\jakarta\xml\bind\jakarta.xml.bind-api\4.0.2\jakarta.xml.bind-api-4.0.2.jar;C:\Users\asus\.m2\repository\jakarta\activation\jakarta.activation-api\2.1.3\jakarta.activation-api-2.1.3.jar;C:\Users\asus\.m2\repository\org\springframework\spring-core\6.2.1\spring-core-6.2.1.jar;C:\Users\asus\.m2\repository\org\springframework\spring-jcl\6.2.1\spring-jcl-6.2.1.jar;C:\Users\asus\.m2\repository\com\cloudinary\cloudinary-http44\1.32.2\cloudinary-http44-1.32.2.jar;C:\Users\asus\.m2\repository\com\cloudinary\cloudinary-core\1.32.2\cloudinary-core-1.32.2.jar;C:\Users\asus\.m2\repository\org\apache\commons\commons-lang3\3.17.0\commons-lang3-3.17.0.jar;C:\Users\asus\.m2\repository\org\apache\httpcomponents\httpmime\4.4\httpmime-4.4.jar;C:\Users\asus\.m2\repository\com\paypal\sdk\checkout-sdk\2.0.0\checkout-sdk-2.0.0.jar;C:\Users\asus\.m2\repository\com\paypal\paypalhttp\2.0.0\paypalhttp-2.0.0.jar;C:\Users\asus\.m2\repository\org\springframework\boot\spring-boot-starter-security\3.4.1\spring-boot-starter-security-3.4.1.jar;C:\Users\asus\.m2\repository\org\springframework\spring-aop\6.2.1\spring-aop-6.2.1.jar;C:\Users\asus\.m2\repository\org\springframework\security\spring-security-config\6.4.2\spring-security-config-6.4.2.jar;C:\Users\asus\.m2\repository\org\springframework\security\spring-security-web\6.4.2\spring-security-web-6.4.2.jar;C:\Users\asus\.m2\repository\org\springframework\security\spring-security-core\6.4.2\spring-security-core-6.4.2.jar;C:\Users\asus\.m2\repository\org\springframework\security\spring-security-crypto\6.4.2\spring-security-crypto-6.4.2.jar;C:\Users\asus\.m2\repository\io\jsonwebtoken\jjwt-impl\0.12.6\jjwt-impl-0.12.6.jar;C:\Users\asus\.m2\repository\io\jsonwebtoken\jjwt-api\0.12.6\jjwt-api-0.12.6.jar;C:\Users\asus\.m2\repository\io\jsonwebtoken\jjwt-jackson\0.12.6\jjwt-jackson-0.12.6.jar;C:\Users\asus\.m2\repository\com\stripe\stripe-java\29.2.0-beta.1\stripe-java-29.2.0-beta.1.jar;C:\Users\asus\.m2\repository\com\google\code\gson\gson\2.11.0\gson-2.11.0.jar;C:\Users\asus\.m2\repository\com\google\errorprone\error_prone_annotations\2.27.0\error_prone_annotations-2.27.0.jar
Launcher Type: SUN_STANDARD

[Global flags]
     intx CICompilerCount                          = 12                                        {product} {ergonomic}
     uint ConcGCThreads                            = 3                                         {product} {ergonomic}
     uint G1ConcRefinementThreads                  = 13                                        {product} {ergonomic}
   size_t G1HeapRegionSize                         = 1048576                                   {product} {ergonomic}
    uintx GCDrainStackTargetSize                   = 64                                        {product} {ergonomic}
   size_t InitialHeapSize                          = 125829120                                 {product} {ergonomic}
     bool ManagementServer                         = true                                      {product} {command line}
   size_t MarkStackSize                            = 4194304                                   {product} {ergonomic}
   size_t MaxHeapSize                              = 1983905792                                {product} {ergonomic}
   size_t MaxNewSize                               = 1190133760                                {product} {ergonomic}
   size_t MinHeapDeltaBytes                        = 1048576                                   {product} {ergonomic}
   size_t MinHeapSize                              = 8388608                                   {product} {ergonomic}
    uintx NonProfiledCodeHeapSize                  = 0                                      {pd product} {ergonomic}
     bool ProfileInterpreter                       = false                                  {pd product} {command line}
    uintx ProfiledCodeHeapSize                     = 0                                      {pd product} {ergonomic}
   size_t SoftMaxHeapSize                          = 1983905792                             {manageable} {ergonomic}
     intx TieredStopAtLevel                        = 1                                         {product} {command line}
     bool UseCompressedClassPointers               = true                           {product lp64_product} {ergonomic}
     bool UseCompressedOops                        = true                           {product lp64_product} {ergonomic}
     bool UseG1GC                                  = true                                      {product} {ergonomic}
     bool UseLargePagesIndividualAllocation        = false                                  {pd product} {ergonomic}

Logging:
Log output configuration:
 #0: stdout all=warning uptime,level,tags foldmultilines=false
 #1: stderr all=off uptime,level,tags foldmultilines=false

Environment Variables:
PATH=C:\Program Files (x86)\VMware\VMware Workstation\bin\;C:\Python312\Scripts\;C:\Python312\;C:\Program Files (x86)\Common Files\Intel\Shared Libraries\redist\ia32\compiler;C:\Program Files (x86)\Common Files\Intel\Shared Libraries\redist\intel64\compiler;C:\Program Files\Common Files\Oracle\Java\javapath;C:\WINDOWS\system32;C:\WINDOWS;C:\WINDOWS\System32\Wbem;C:\WINDOWS\System32\WindowsPowerShell\v1.0\;C:\WINDOWS\System32\OpenSSH\;C:\Program Files (x86)\dotnet\;C:\ProgramData\chocolatey\bin;D:\bin;C:\Program Files\Microchip\xc8\v2.50\bin;C:\Program Files\Git\cmd;C:\Kubernetes;C:\minikube;C:\Users\asus\AppData\Local\nvm;C:\nvm4w\nodejs;C:\Users\asus\AppData\Local\Microsoft\WindowsApps;D:\Microsoft VS Code\bin;C:\Users\asus\AppData\Local\GitHubDesktop\bin;C:\Users\asus\AppData\Roaming\npm;C:\Users\asus\AppData\Local\nvm;C:\nvm4w\nodejs
USERNAME=asus
OS=Windows_NT
PROCESSOR_IDENTIFIER=AMD64 Family 23 Model 104 Stepping 1, AuthenticAMD
TMP=C:\Users\asus\AppData\Local\Temp
TEMP=C:\Users\asus\AppData\Local\Temp




---------------  S Y S T E M  ---------------

OS:
 Windows 11 , 64 bit Build 22621 (10.0.22621.5124)
OS uptime: 0 days 19:35 hours
Hyper-V role detected

CPU: total 16 (initial active 16) (16 cores per cpu, 2 threads per core) family 23 model 104 stepping 1 microcode 0x0, cx8, cmov, fxsr, ht, mmx, 3dnowpref, sse, sse2, sse3, ssse3, sse4a, sse4.1, sse4.2, popcnt, lzcnt, tsc, tscinvbit, avx, avx2, aes, clmul, bmi1, bmi2, adx, sha, fma, vzeroupper, clflush, clflushopt, hv, rdtscp, rdpid, f16c

Memory: 4k page, system-wide physical 7563M (620M free)
TotalPageFile size 16635M (AvailPageFile size 16M)
current process WorkingSet (physical memory assigned to process): 216M, peak: 216M
current process commit charge ("private bytes"): 267M, peak: 280M

vm_info: Java HotSpot(TM) 64-Bit Server VM (20.0.2+9-78) for windows-amd64 JRE (20.0.2+9-78), built on 2023-06-14T10:08:48Z by "mach5one" with MS VC++ 17.1 (VS2022)

END.
